[INFO]扫描文件夹：FinanceManagement
[INFO]解析文件：codegen\def\FinanceManagement\财务设定.xls
[WARNING]读取文件失败：codegen\def\FinanceManagement\财务设定.xls
[INFO]解析Sheet：FinanceSetting
[INFO]解析表单：fm
[INFO]解析Div：操作
[INFO]解析Sheet：FinanceSettingQuery
[INFO]解析表单：fm
[INFO]解析Div：查询信息
[INFO]解析Table：table1
[INFO]解析Div：操作
[INFO]解析操作
[INFO]解析Div：代理人信息
[INFO]解析MulLine
[INFO]生成文件：F:\EProject\CodeLib\codegen\code\ui\FinanceManagement\FinanceSettingQuery.jsp
[INFO]生成文件：F:\EProject\CodeLib\codegen\code\ui\FinanceManagement\FinanceSettingQueryInput.jsp
[INFO]生成文件：F:\EProject\CodeLib\codegen\code\ui\FinanceManagement\FinanceSettingQueryInit.jsp
[INFO]生成文件：F:\EProject\CodeLib\codegen\code\ui\FinanceManagement\FinanceSettingQueryInput.js
[INFO]SheetFinanceSettingQuery解析完成
[INFO]解析操作
[INFO]解析Div：基本信息
[INFO]解析Table：table1
[INFO]生成文件：F:\EProject\CodeLib\codegen\code\ui\FinanceManagement\FinanceSettingInput.jsp
[INFO]生成文件：F:\EProject\CodeLib\codegen\code\ui\FinanceManagement\FinanceSettingInit.jsp
[INFO]生成文件：F:\EProject\CodeLib\codegen\code\ui\FinanceManagement\FinanceSettingInput.js
[INFO]生成文件：F:\EProject\CodeLib\codegen\code\ui\FinanceManagement\FinanceSettingSave.jsp
[INFO]生成文件：F:\EProject\CodeLib\codegen\code\src\com\sinosoft\lis\FinanceManagement\FinanceSettingUI.java
[INFO]生成文件：F:\EProject\CodeLib\codegen\code\src\com\sinosoft\lis\FinanceManagement\FinanceSettingBL.java
[INFO]SheetFinanceSetting解析完成
