[INFO]扫描文件夹：ChannelCustomisation
[INFO]解析文件：codegen\def\ChannelCustomisation\费率设定.xls
[WARNING]读取文件失败：codegen\def\ChannelCustomisation\费率设定.xls
[INFO]解析Sheet：CommRateSetting
[INFO]解析表单：fm
[INFO]解析Div：操作
[INFO]解析Sheet：CommRateSettingQuery
[INFO]解析表单：fm
[INFO]解析Div：查询信息
[INFO]解析Table：table1
[INFO]解析Div：操作
[INFO]解析操作
[INFO]解析Div：代理人信息
[INFO]解析MulLine
[WARNING]覆盖文件：F:\EProject\CodeLib\codegen\code\ui\ChannelCustomisation\CommRateSettingQuery.jsp
[WARNING]覆盖文件：F:\EProject\CodeLib\codegen\code\ui\ChannelCustomisation\CommRateSettingQueryInput.jsp
[WARNING]覆盖文件：F:\EProject\CodeLib\codegen\code\ui\ChannelCustomisation\CommRateSettingQueryInit.jsp
[WARNING]覆盖文件：F:\EProject\CodeLib\codegen\code\ui\ChannelCustomisation\CommRateSettingQueryInput.js
[INFO]SheetCommRateSettingQuery解析完成
[INFO]解析操作
[INFO]解析Div：基本信息
[INFO]解析Table：table1
[WARNING]覆盖文件：F:\EProject\CodeLib\codegen\code\ui\ChannelCustomisation\CommRateSettingInput.jsp
[WARNING]覆盖文件：F:\EProject\CodeLib\codegen\code\ui\ChannelCustomisation\CommRateSettingInit.jsp
[WARNING]覆盖文件：F:\EProject\CodeLib\codegen\code\ui\ChannelCustomisation\CommRateSettingInput.js
[WARNING]覆盖文件：F:\EProject\CodeLib\codegen\code\ui\ChannelCustomisation\CommRateSettingSave.jsp
[WARNING]覆盖文件：F:\EProject\CodeLib\codegen\code\src\com\sinosoft\lis\ChannelCustomisation\CommRateSettingUI.java
[WARNING]覆盖文件：F:\EProject\CodeLib\codegen\code\src\com\sinosoft\lis\ChannelCustomisation\CommRateSettingBL.java
[INFO]SheetCommRateSetting解析完成
